
> products@1.0.0 build
> tsc

src/__test__/products.test.ts(4,21): error TS2307: Cannot find module 'supertest' or its corresponding type declarations.
src/__test__/products.test.ts(6,22): error TS2307: Cannot find module 'mongoose' or its corresponding type declarations.
src/__test__/products.test.ts(7,35): error TS2307: Cannot find module 'mongodb-memory-server' or its corresponding type declarations.
src/__test__/products.test.ts(11,1): error TS2304: Cannot find name 'beforeAll'.
src/__test__/products.test.ts(17,1): error TS2304: Cannot find name 'afterAll'.
src/__test__/products.test.ts(23,1): error TS2304: Cannot find name 'afterEach'.
src/__test__/products.test.ts(30,1): error TS2582: Cannot find name 'describe'. Do you need to install type definitions for a test runner? Try `npm i --save-dev @types/jest` or `npm i --save-dev @types/mocha`.
src/__test__/products.test.ts(31,3): error TS2582: Cannot find name 'describe'. Do you need to install type definitions for a test runner? Try `npm i --save-dev @types/jest` or `npm i --save-dev @types/mocha`.
src/__test__/products.test.ts(32,5): error TS2582: Cannot find name 'it'. Do you need to install type definitions for a test runner? Try `npm i --save-dev @types/jest` or `npm i --save-dev @types/mocha`.
src/__test__/products.test.ts(43,7): error TS2304: Cannot find name 'expect'.
src/__test__/products.test.ts(46,7): error TS2304: Cannot find name 'expect'.
src/__test__/products.test.ts(47,7): error TS2304: Cannot find name 'expect'.
src/__test__/products.test.ts(50,5): error TS2582: Cannot find name 'it'. Do you need to install type definitions for a test runner? Try `npm i --save-dev @types/jest` or `npm i --save-dev @types/mocha`.
src/__test__/products.test.ts(61,7): error TS2304: Cannot find name 'expect'.
src/__test__/products.test.ts(62,7): error TS2304: Cannot find name 'expect'.
src/__test__/products.test.ts(65,5): error TS2582: Cannot find name 'it'. Do you need to install type definitions for a test runner? Try `npm i --save-dev @types/jest` or `npm i --save-dev @types/mocha`.
src/__test__/products.test.ts(70,7): error TS2304: Cannot find name 'expect'.
src/__test__/products.test.ts(74,3): error TS2582: Cannot find name 'describe'. Do you need to install type definitions for a test runner? Try `npm i --save-dev @types/jest` or `npm i --save-dev @types/mocha`.
src/__test__/products.test.ts(75,5): error TS2582: Cannot find name 'it'. Do you need to install type definitions for a test runner? Try `npm i --save-dev @types/jest` or `npm i --save-dev @types/mocha`.
src/__test__/products.test.ts(81,7): error TS2304: Cannot find name 'expect'.
src/__test__/products.test.ts(82,7): error TS2304: Cannot find name 'expect'.
src/__test__/products.test.ts(86,3): error TS2582: Cannot find name 'describe'. Do you need to install type definitions for a test runner? Try `npm i --save-dev @types/jest` or `npm i --save-dev @types/mocha`.
src/__test__/products.test.ts(87,5): error TS2582: Cannot find name 'it'. Do you need to install type definitions for a test runner? Try `npm i --save-dev @types/jest` or `npm i --save-dev @types/mocha`.
src/__test__/products.test.ts(89,7): error TS2304: Cannot find name 'expect'.
src/__test__/products.test.ts(92,5): error TS2582: Cannot find name 'it'. Do you need to install type definitions for a test runner? Try `npm i --save-dev @types/jest` or `npm i --save-dev @types/mocha`.
src/__test__/products.test.ts(104,7): error TS2304: Cannot find name 'expect'.
src/__test__/products.test.ts(110,7): error TS2304: Cannot find name 'expect'.
src/__test__/products.test.ts(111,7): error TS2304: Cannot find name 'expect'.
src/__test__/products.test.ts(112,7): error TS2304: Cannot find name 'expect'.
src/app.ts(3,23): error TS2307: Cannot find module 'swagger-ui-express' or its corresponding type declarations.
src/app.ts(5,18): error TS2307: Cannot find module 'cors' or its corresponding type declarations.
src/db/db_connect.ts(1,22): error TS2307: Cannot find module 'mongoose' or its corresponding type declarations.
src/documentation/swagger.config.ts(1,26): error TS2307: Cannot find module 'swagger-jsdoc' or its corresponding type declarations.
src/module/products/product.schema.ts(1,49): error TS2307: Cannot find module 'mongoose' or its corresponding type declarations.
npm error Lifecycle script `build` failed with error:
npm error code 2
npm error path C:\Users\devdy\OneDrive\Desktop\express-start-microservices\products
npm error workspace products@1.0.0
npm error location C:\Users\devdy\OneDrive\Desktop\express-start-microservices\products
npm error command failed
npm error command C:\Windows\system32\cmd.exe /d /s /c tsc
